2023-04-13 17:32:56,794 INFO root Token successfully initted: 6234331500:AAG2Hcuep4y4N58uuJeXrHnjbpaSyrpXk3c
2023-04-13 17:32:56,797 INFO root Bot successfully initted
2023-04-13 17:32:56,798 INFO root DB connected successfully, cursor created
2023-04-13 17:32:56,802 DEBUG urllib3.connectionpool Starting new HTTPS connection (1): api.telegram.org:443
2023-04-13 17:32:57,396 DEBUG urllib3.connectionpool https://api.telegram.org:443 "GET /bot6234331500:AAG2Hcuep4y4N58uuJeXrHnjbpaSyrpXk3c/getMe HTTP/1.1" 200 191
2023-04-13 17:32:57,404 DEBUG urllib3.connectionpool Starting new HTTPS connection (1): api.telegram.org:443
2023-04-13 17:33:17,683 DEBUG urllib3.connectionpool https://api.telegram.org:443 "GET /bot6234331500:AAG2Hcuep4y4N58uuJeXrHnjbpaSyrpXk3c/getUpdates?offset=1&timeout=20 HTTP/1.1" 200 23
2023-04-13 17:33:37,770 DEBUG urllib3.connectionpool https://api.telegram.org:443 "GET /bot6234331500:AAG2Hcuep4y4N58uuJeXrHnjbpaSyrpXk3c/getUpdates?offset=1&timeout=20 HTTP/1.1" 200 23
2023-04-13 17:33:44,011 DEBUG urllib3.connectionpool https://api.telegram.org:443 "GET /bot6234331500:AAG2Hcuep4y4N58uuJeXrHnjbpaSyrpXk3c/getUpdates?offset=1&timeout=20 HTTP/1.1" 200 398
2023-04-13 17:33:44,016 DEBUG urllib3.connectionpool Starting new HTTPS connection (1): api.telegram.org:443
2023-04-13 17:33:44,324 DEBUG urllib3.connectionpool https://api.telegram.org:443 "POST /bot6234331500:AAG2Hcuep4y4N58uuJeXrHnjbpaSyrpXk3c/sendMessage?chat_id=1515397583&text=%D0%9F%D0%BE%D0%B6%D0%B0%D0%BB%D1%83%D0%B9%D1%81%D1%82%D0%B0%2C+%D0%B2%D0%B2%D0%B5%D0%B4%D0%B8%D1%82%D0%B5+%D0%92%D0%B0%D1%88+%D0%B0%D0%BD%D0%B5%D0%BA%D0%B4%D0%BE%D1%82.+%D0%95%D1%81%D0%BB%D0%B8+%D0%BF%D0%B5%D1%80%D0%B5%D0%B4%D1%83%D0%BC%D0%B0%D0%BB%D0%B8+-+%2Fcancel+%D0%B2+%D0%BF%D0%BE%D0%BC%D0%BE%D1%89%D1%8C&reply_markup=%7B%22inline_keyboard%22%3A+%5B%5B%7B%22text%22%3A+%22%5Cu041e%5Cu0442%5Cu043c%5Cu0435%5Cu043d%5Cu0430%22%2C+%22callback_data%22%3A+%22%2Fcancel%22%7D%5D%5D%7D HTTP/1.1" 200 738
2023-04-13 17:33:46,468 DEBUG urllib3.connectionpool https://api.telegram.org:443 "GET /bot6234331500:AAG2Hcuep4y4N58uuJeXrHnjbpaSyrpXk3c/getUpdates?offset=379040612&timeout=20 HTTP/1.1" 200 997
2023-04-13 17:33:48,254 DEBUG urllib3.connectionpool https://api.telegram.org:443 "GET /bot6234331500:AAG2Hcuep4y4N58uuJeXrHnjbpaSyrpXk3c/getUpdates?offset=379040613&timeout=20 HTTP/1.1" 200 997
2023-04-13 17:34:08,345 DEBUG urllib3.connectionpool https://api.telegram.org:443 "GET /bot6234331500:AAG2Hcuep4y4N58uuJeXrHnjbpaSyrpXk3c/getUpdates?offset=379040614&timeout=20 HTTP/1.1" 200 23
2023-04-13 17:34:28,432 DEBUG urllib3.connectionpool https://api.telegram.org:443 "GET /bot6234331500:AAG2Hcuep4y4N58uuJeXrHnjbpaSyrpXk3c/getUpdates?offset=379040614&timeout=20 HTTP/1.1" 200 23
2023-04-13 17:34:48,517 DEBUG urllib3.connectionpool https://api.telegram.org:443 "GET /bot6234331500:AAG2Hcuep4y4N58uuJeXrHnjbpaSyrpXk3c/getUpdates?offset=379040614&timeout=20 HTTP/1.1" 200 23
2023-04-13 17:35:08,607 DEBUG urllib3.connectionpool https://api.telegram.org:443 "GET /bot6234331500:AAG2Hcuep4y4N58uuJeXrHnjbpaSyrpXk3c/getUpdates?offset=379040614&timeout=20 HTTP/1.1" 200 23
2023-04-13 17:35:28,695 DEBUG urllib3.connectionpool https://api.telegram.org:443 "GET /bot6234331500:AAG2Hcuep4y4N58uuJeXrHnjbpaSyrpXk3c/getUpdates?offset=379040614&timeout=20 HTTP/1.1" 200 23
2023-04-13 17:35:48,789 DEBUG urllib3.connectionpool https://api.telegram.org:443 "GET /bot6234331500:AAG2Hcuep4y4N58uuJeXrHnjbpaSyrpXk3c/getUpdates?offset=379040614&timeout=20 HTTP/1.1" 200 23
2023-04-13 17:35:48,791 ERROR TeleBot Infinity polling: polling exited
2023-04-13 17:35:48,791 ERROR TeleBot Break infinity polling
2023-04-13 17:35:48,791 INFO root Bot STOPPED
