2023-04-13 18:04:14,744 INFO root Token successfully initted: 6234331500:AAG2Hcuep4y4N58uuJeXrHnjbpaSyrpXk3c
2023-04-13 18:04:14,745 INFO root Bot successfully initted
2023-04-13 18:04:14,745 INFO root DB connected successfully, cursor created
2023-04-13 18:04:14,748 DEBUG urllib3.connectionpool Starting new HTTPS connection (1): api.telegram.org:443
2023-04-13 18:04:15,199 DEBUG urllib3.connectionpool https://api.telegram.org:443 "GET /bot6234331500:AAG2Hcuep4y4N58uuJeXrHnjbpaSyrpXk3c/getMe HTTP/1.1" 200 191
2023-04-13 18:04:15,209 DEBUG urllib3.connectionpool Starting new HTTPS connection (1): api.telegram.org:443
2023-04-13 18:04:23,059 DEBUG urllib3.connectionpool https://api.telegram.org:443 "GET /bot6234331500:AAG2Hcuep4y4N58uuJeXrHnjbpaSyrpXk3c/getUpdates?offset=1&timeout=20 HTTP/1.1" 200 398
2023-04-13 18:04:23,065 DEBUG urllib3.connectionpool Starting new HTTPS connection (1): api.telegram.org:443
2023-04-13 18:04:23,468 DEBUG urllib3.connectionpool https://api.telegram.org:443 "POST /bot6234331500:AAG2Hcuep4y4N58uuJeXrHnjbpaSyrpXk3c/sendMessage?chat_id=1515397583&text=%D0%9F%D0%BE%D0%B6%D0%B0%D0%BB%D1%83%D0%B9%D1%81%D1%82%D0%B0%2C+%D0%B2%D0%B2%D0%B5%D0%B4%D0%B8%D1%82%D0%B5+%D0%92%D0%B0%D1%88+%D0%B0%D0%BD%D0%B5%D0%BA%D0%B4%D0%BE%D1%82.+%D0%95%D1%81%D0%BB%D0%B8+%D0%BF%D0%B5%D1%80%D0%B5%D0%B4%D1%83%D0%BC%D0%B0%D0%BB%D0%B8+-+%2Fcancel+%D0%B2+%D0%BF%D0%BE%D0%BC%D0%BE%D1%89%D1%8C&reply_markup=%7B%22inline_keyboard%22%3A+%5B%5B%7B%22text%22%3A+%22%5Cu041e%5Cu0442%5Cu043c%5Cu0435%5Cu043d%5Cu0430%22%2C+%22callback_data%22%3A+%22%2Fcancel%22%7D%5D%5D%7D HTTP/1.1" 200 738
2023-04-13 18:04:25,239 DEBUG urllib3.connectionpool https://api.telegram.org:443 "GET /bot6234331500:AAG2Hcuep4y4N58uuJeXrHnjbpaSyrpXk3c/getUpdates?offset=379040676&timeout=20 HTTP/1.1" 200 997
2023-04-13 18:04:27,422 DEBUG urllib3.connectionpool https://api.telegram.org:443 "GET /bot6234331500:AAG2Hcuep4y4N58uuJeXrHnjbpaSyrpXk3c/getUpdates?offset=379040677&timeout=20 HTTP/1.1" 200 997
2023-04-13 18:04:31,455 DEBUG urllib3.connectionpool https://api.telegram.org:443 "GET /bot6234331500:AAG2Hcuep4y4N58uuJeXrHnjbpaSyrpXk3c/getUpdates?offset=379040678&timeout=20 HTTP/1.1" 200 997
2023-04-13 18:04:40,912 DEBUG urllib3.connectionpool https://api.telegram.org:443 "GET /bot6234331500:AAG2Hcuep4y4N58uuJeXrHnjbpaSyrpXk3c/getUpdates?offset=379040679&timeout=20 HTTP/1.1" 200 436
2023-04-13 18:04:40,921 DEBUG urllib3.connectionpool Starting new HTTPS connection (1): api.telegram.org:443
2023-04-13 18:04:41,262 DEBUG urllib3.connectionpool https://api.telegram.org:443 "POST /bot6234331500:AAG2Hcuep4y4N58uuJeXrHnjbpaSyrpXk3c/sendMessage?chat_id=1325937002&text=%D0%9F%D0%BE%D0%B6%D0%B0%D0%BB%D1%83%D0%B9%D1%81%D1%82%D0%B0%2C+%D0%B2%D0%B2%D0%B5%D0%B4%D0%B8%D1%82%D0%B5+%D0%92%D0%B0%D1%88+%D0%B0%D0%BD%D0%B5%D0%BA%D0%B4%D0%BE%D1%82.+%D0%95%D1%81%D0%BB%D0%B8+%D0%BF%D0%B5%D1%80%D0%B5%D0%B4%D1%83%D0%BC%D0%B0%D0%BB%D0%B8+-+%2Fcancel+%D0%B2+%D0%BF%D0%BE%D0%BC%D0%BE%D1%89%D1%8C&reply_markup=%7B%22inline_keyboard%22%3A+%5B%5B%7B%22text%22%3A+%22%5Cu041e%5Cu0442%5Cu043c%5Cu0435%5Cu043d%5Cu0430%22%2C+%22callback_data%22%3A+%22%2Fcancel%22%7D%5D%5D%7D HTTP/1.1" 200 748
2023-04-13 18:04:42,318 DEBUG urllib3.connectionpool https://api.telegram.org:443 "GET /bot6234331500:AAG2Hcuep4y4N58uuJeXrHnjbpaSyrpXk3c/getUpdates?offset=379040680&timeout=20 HTTP/1.1" 200 1037
2023-04-13 18:04:50,791 DEBUG urllib3.connectionpool https://api.telegram.org:443 "GET /bot6234331500:AAG2Hcuep4y4N58uuJeXrHnjbpaSyrpXk3c/getUpdates?offset=379040681&timeout=20 HTTP/1.1" 200 406
2023-04-13 18:04:50,931 DEBUG urllib3.connectionpool https://api.telegram.org:443 "POST /bot6234331500:AAG2Hcuep4y4N58uuJeXrHnjbpaSyrpXk3c/sendMessage?chat_id=1325937002&text=%D0%A1%D0%BF%D0%B0%D1%81%D0%B8%D0%B1%D0%BE+%D0%B7%D0%B0+%D0%92%D0%B0%D1%88+%D0%B0%D0%BD%D0%B5%D0%BA%D0%B4%D0%BE%D1%82%2C+%D0%BC%D1%8B+%D0%BE%D1%86%D0%B5%D0%BD%D0%B8%D0%BC+%D0%B5%D0%B3%D0%BE%21 HTTP/1.1" 200 457
2023-04-13 18:04:54,689 DEBUG urllib3.connectionpool https://api.telegram.org:443 "GET /bot6234331500:AAG2Hcuep4y4N58uuJeXrHnjbpaSyrpXk3c/getUpdates?offset=379040682&timeout=20 HTTP/1.1" 200 436
2023-04-13 18:04:54,819 DEBUG urllib3.connectionpool https://api.telegram.org:443 "POST /bot6234331500:AAG2Hcuep4y4N58uuJeXrHnjbpaSyrpXk3c/sendMessage?chat_id=1325937002&text=%D0%9F%D0%BE%D0%B6%D0%B0%D0%BB%D1%83%D0%B9%D1%81%D1%82%D0%B0%2C+%D0%B2%D0%B2%D0%B5%D0%B4%D0%B8%D1%82%D0%B5+%D0%92%D0%B0%D1%88+%D0%B0%D0%BD%D0%B5%D0%BA%D0%B4%D0%BE%D1%82.+%D0%95%D1%81%D0%BB%D0%B8+%D0%BF%D0%B5%D1%80%D0%B5%D0%B4%D1%83%D0%BC%D0%B0%D0%BB%D0%B8+-+%2Fcancel+%D0%B2+%D0%BF%D0%BE%D0%BC%D0%BE%D1%89%D1%8C&reply_markup=%7B%22inline_keyboard%22%3A+%5B%5B%7B%22text%22%3A+%22%5Cu041e%5Cu0442%5Cu043c%5Cu0435%5Cu043d%5Cu0430%22%2C+%22callback_data%22%3A+%22%2Fcancel%22%7D%5D%5D%7D HTTP/1.1" 200 748
2023-04-13 18:04:58,396 DEBUG urllib3.connectionpool https://api.telegram.org:443 "GET /bot6234331500:AAG2Hcuep4y4N58uuJeXrHnjbpaSyrpXk3c/getUpdates?offset=379040683&timeout=20 HTTP/1.1" 200 435
2023-04-13 18:05:01,400 ERROR TeleBot Infinity polling: polling exited
2023-04-13 18:05:01,401 ERROR TeleBot Break infinity polling
2023-04-13 18:05:01,401 INFO root Bot STOPPED
