2023-04-13 18:05:01,905 INFO root Token successfully initted: 6234331500:AAG2Hcuep4y4N58uuJeXrHnjbpaSyrpXk3c
2023-04-13 18:05:01,905 INFO root Bot successfully initted
2023-04-13 18:05:01,907 INFO root DB connected successfully, cursor created
2023-04-13 18:05:01,911 DEBUG urllib3.connectionpool Starting new HTTPS connection (1): api.telegram.org:443
2023-04-13 18:05:02,178 DEBUG urllib3.connectionpool https://api.telegram.org:443 "GET /bot6234331500:AAG2Hcuep4y4N58uuJeXrHnjbpaSyrpXk3c/getMe HTTP/1.1" 200 191
2023-04-13 18:05:02,183 DEBUG urllib3.connectionpool Starting new HTTPS connection (1): api.telegram.org:443
2023-04-13 18:05:04,538 DEBUG urllib3.connectionpool https://api.telegram.org:443 "GET /bot6234331500:AAG2Hcuep4y4N58uuJeXrHnjbpaSyrpXk3c/getUpdates?offset=1&timeout=20 HTTP/1.1" 200 398
2023-04-13 18:05:04,546 DEBUG urllib3.connectionpool Starting new HTTPS connection (1): api.telegram.org:443
2023-04-13 18:05:05,039 DEBUG urllib3.connectionpool https://api.telegram.org:443 "POST /bot6234331500:AAG2Hcuep4y4N58uuJeXrHnjbpaSyrpXk3c/sendMessage?chat_id=1515397583&text=%D0%9F%D0%BE%D0%B6%D0%B0%D0%BB%D1%83%D0%B9%D1%81%D1%82%D0%B0%2C+%D0%B2%D0%B2%D0%B5%D0%B4%D0%B8%D1%82%D0%B5+%D0%92%D0%B0%D1%88+%D0%B0%D0%BD%D0%B5%D0%BA%D0%B4%D0%BE%D1%82.+%D0%95%D1%81%D0%BB%D0%B8+%D0%BF%D0%B5%D1%80%D0%B5%D0%B4%D1%83%D0%BC%D0%B0%D0%BB%D0%B8+-+%2Fcancel+%D0%B2+%D0%BF%D0%BE%D0%BC%D0%BE%D1%89%D1%8C&reply_markup=%7B%22inline_keyboard%22%3A+%5B%5B%7B%22text%22%3A+%22%5Cu041e%5Cu0442%5Cu043c%5Cu0435%5Cu043d%5Cu0430%22%2C+%22callback_data%22%3A+%22%2Fcancel%22%7D%5D%5D%7D HTTP/1.1" 200 738
2023-04-13 18:05:06,137 DEBUG urllib3.connectionpool https://api.telegram.org:443 "GET /bot6234331500:AAG2Hcuep4y4N58uuJeXrHnjbpaSyrpXk3c/getUpdates?offset=379040685&timeout=20 HTTP/1.1" 200 997
2023-04-13 18:05:06,674 DEBUG urllib3.connectionpool https://api.telegram.org:443 "GET /bot6234331500:AAG2Hcuep4y4N58uuJeXrHnjbpaSyrpXk3c/getUpdates?offset=379040686&timeout=20 HTTP/1.1" 200 436
2023-04-13 18:05:06,811 DEBUG urllib3.connectionpool https://api.telegram.org:443 "POST /bot6234331500:AAG2Hcuep4y4N58uuJeXrHnjbpaSyrpXk3c/sendMessage?chat_id=1325937002&text=%D0%9F%D0%BE%D0%B6%D0%B0%D0%BB%D1%83%D0%B9%D1%81%D1%82%D0%B0%2C+%D0%B2%D0%B2%D0%B5%D0%B4%D0%B8%D1%82%D0%B5+%D0%92%D0%B0%D1%88+%D0%B0%D0%BD%D0%B5%D0%BA%D0%B4%D0%BE%D1%82.+%D0%95%D1%81%D0%BB%D0%B8+%D0%BF%D0%B5%D1%80%D0%B5%D0%B4%D1%83%D0%BC%D0%B0%D0%BB%D0%B8+-+%2Fcancel+%D0%B2+%D0%BF%D0%BE%D0%BC%D0%BE%D1%89%D1%8C&reply_markup=%7B%22inline_keyboard%22%3A+%5B%5B%7B%22text%22%3A+%22%5Cu041e%5Cu0442%5Cu043c%5Cu0435%5Cu043d%5Cu0430%22%2C+%22callback_data%22%3A+%22%2Fcancel%22%7D%5D%5D%7D HTTP/1.1" 200 748
2023-04-13 18:05:07,497 DEBUG urllib3.connectionpool https://api.telegram.org:443 "GET /bot6234331500:AAG2Hcuep4y4N58uuJeXrHnjbpaSyrpXk3c/getUpdates?offset=379040687&timeout=20 HTTP/1.1" 200 1037
2023-04-13 18:05:14,507 DEBUG urllib3.connectionpool https://api.telegram.org:443 "GET /bot6234331500:AAG2Hcuep4y4N58uuJeXrHnjbpaSyrpXk3c/getUpdates?offset=379040688&timeout=20 HTTP/1.1" 200 435
2023-04-13 18:05:15,633 DEBUG urllib3.connectionpool https://api.telegram.org:443 "GET /bot6234331500:AAG2Hcuep4y4N58uuJeXrHnjbpaSyrpXk3c/getUpdates?offset=379040689&timeout=20 HTTP/1.1" 200 435
2023-04-13 18:05:15,636 INFO root 1325937002 @Youtya_Youtyev /cancel
2023-04-13 18:05:15,854 DEBUG urllib3.connectionpool https://api.telegram.org:443 "POST /bot6234331500:AAG2Hcuep4y4N58uuJeXrHnjbpaSyrpXk3c/sendMessage?chat_id=1325937002&text=%D0%9D%D0%B5%D0%B2%D0%B5%D1%80%D0%BD%D0%B0%D1%8F+%D0%BA%D0%BE%D0%BC%D0%B0%D0%BD%D0%B4%D0%B0+%D0%B8%D0%BB%D0%B8+ID+%D0%B0%D0%BD%D0%B5%D0%BA%D0%B4%D0%BE%D1%82%D0%B0. HTTP/1.1" 200 432
2023-04-13 18:05:15,856 ERROR root Îøèáêà > near "/": syntax error
2023-04-13 18:05:35,731 DEBUG urllib3.connectionpool https://api.telegram.org:443 "GET /bot6234331500:AAG2Hcuep4y4N58uuJeXrHnjbpaSyrpXk3c/getUpdates?offset=379040690&timeout=20 HTTP/1.1" 200 23
2023-04-13 18:05:44,748 ERROR TeleBot Infinity polling: polling exited
2023-04-13 18:05:44,748 ERROR TeleBot Break infinity polling
2023-04-13 18:05:44,749 INFO root Bot STOPPED
