2023-04-13 17:39:08,072 INFO root Token successfully initted: 6234331500:AAG2Hcuep4y4N58uuJeXrHnjbpaSyrpXk3c
2023-04-13 17:39:08,074 INFO root Bot successfully initted
2023-04-13 17:39:08,074 INFO root DB connected successfully, cursor created
2023-04-13 17:39:08,077 DEBUG urllib3.connectionpool Starting new HTTPS connection (1): api.telegram.org:443
2023-04-13 17:39:08,561 DEBUG urllib3.connectionpool https://api.telegram.org:443 "GET /bot6234331500:AAG2Hcuep4y4N58uuJeXrHnjbpaSyrpXk3c/getMe HTTP/1.1" 200 191
2023-04-13 17:39:08,564 DEBUG urllib3.connectionpool Starting new HTTPS connection (1): api.telegram.org:443
2023-04-13 17:39:13,727 DEBUG urllib3.connectionpool https://api.telegram.org:443 "GET /bot6234331500:AAG2Hcuep4y4N58uuJeXrHnjbpaSyrpXk3c/getUpdates?offset=1&timeout=20 HTTP/1.1" 200 398
2023-04-13 17:39:13,733 DEBUG urllib3.connectionpool Starting new HTTPS connection (1): api.telegram.org:443
2023-04-13 17:39:14,146 DEBUG urllib3.connectionpool https://api.telegram.org:443 "POST /bot6234331500:AAG2Hcuep4y4N58uuJeXrHnjbpaSyrpXk3c/sendMessage?chat_id=1515397583&text=%D0%9F%D0%BE%D0%B6%D0%B0%D0%BB%D1%83%D0%B9%D1%81%D1%82%D0%B0%2C+%D0%B2%D0%B2%D0%B5%D0%B4%D0%B8%D1%82%D0%B5+%D0%92%D0%B0%D1%88+%D0%B0%D0%BD%D0%B5%D0%BA%D0%B4%D0%BE%D1%82.+%D0%95%D1%81%D0%BB%D0%B8+%D0%BF%D0%B5%D1%80%D0%B5%D0%B4%D1%83%D0%BC%D0%B0%D0%BB%D0%B8+-+%2Fcancel+%D0%B2+%D0%BF%D0%BE%D0%BC%D0%BE%D1%89%D1%8C&reply_markup=%7B%22inline_keyboard%22%3A+%5B%5B%7B%22text%22%3A+%22%5Cu041e%5Cu0442%5Cu043c%5Cu0435%5Cu043d%5Cu0430%22%2C+%22callback_data%22%3A+%22%2Fcancel%22%7D%5D%5D%7D HTTP/1.1" 200 738
2023-04-13 17:39:16,311 DEBUG urllib3.connectionpool https://api.telegram.org:443 "GET /bot6234331500:AAG2Hcuep4y4N58uuJeXrHnjbpaSyrpXk3c/getUpdates?offset=379040618&timeout=20 HTTP/1.1" 200 997
2023-04-13 17:39:16,445 DEBUG urllib3.connectionpool https://api.telegram.org:443 "POST /bot6234331500:AAG2Hcuep4y4N58uuJeXrHnjbpaSyrpXk3c/sendMessage?chat_id=1515397583&text=%D0%92%D0%BE%D0%B7%D0%B2%D1%80%D0%B0%D1%89%D0%B0%D0%B9%D1%82%D0%B5%D1%81%D1%8C%2C+%D0%BA%D0%B0%D0%BA+%D0%BF%D0%B5%D1%80%D0%B5%D0%B4%D1%83%D0%BC%D0%B0%D0%B5%D1%82%D0%B5+%3B%29 HTTP/1.1" 200 427
2023-04-13 17:39:27,690 DEBUG urllib3.connectionpool https://api.telegram.org:443 "GET /bot6234331500:AAG2Hcuep4y4N58uuJeXrHnjbpaSyrpXk3c/getUpdates?offset=379040619&timeout=20 HTTP/1.1" 200 398
2023-04-13 17:39:27,707 DEBUG urllib3.connectionpool Starting new HTTPS connection (1): api.telegram.org:443
2023-04-13 17:39:28,034 DEBUG urllib3.connectionpool https://api.telegram.org:443 "POST /bot6234331500:AAG2Hcuep4y4N58uuJeXrHnjbpaSyrpXk3c/sendMessage?chat_id=1515397583&text=%D0%A1%D0%BF%D0%B0%D1%81%D0%B8%D0%B1%D0%BE+%D0%B7%D0%B0+%D0%92%D0%B0%D1%88+%D0%B0%D0%BD%D0%B5%D0%BA%D0%B4%D0%BE%D1%82%2C+%D0%BC%D1%8B+%D0%BE%D1%86%D0%B5%D0%BD%D0%B8%D0%BC+%D0%B5%D0%B3%D0%BE%21 HTTP/1.1" 200 447
2023-04-13 17:39:32,282 DEBUG urllib3.connectionpool https://api.telegram.org:443 "GET /bot6234331500:AAG2Hcuep4y4N58uuJeXrHnjbpaSyrpXk3c/getUpdates?offset=379040620&timeout=20 HTTP/1.1" 200 398
2023-04-13 17:39:32,434 DEBUG urllib3.connectionpool https://api.telegram.org:443 "POST /bot6234331500:AAG2Hcuep4y4N58uuJeXrHnjbpaSyrpXk3c/sendMessage?chat_id=1515397583&text=%D0%9F%D0%BE%D0%B6%D0%B0%D0%BB%D1%83%D0%B9%D1%81%D1%82%D0%B0%2C+%D0%B2%D0%B2%D0%B5%D0%B4%D0%B8%D1%82%D0%B5+%D0%92%D0%B0%D1%88+%D0%B0%D0%BD%D0%B5%D0%BA%D0%B4%D0%BE%D1%82.+%D0%95%D1%81%D0%BB%D0%B8+%D0%BF%D0%B5%D1%80%D0%B5%D0%B4%D1%83%D0%BC%D0%B0%D0%BB%D0%B8+-+%2Fcancel+%D0%B2+%D0%BF%D0%BE%D0%BC%D0%BE%D1%89%D1%8C&reply_markup=%7B%22inline_keyboard%22%3A+%5B%5B%7B%22text%22%3A+%22%5Cu041e%5Cu0442%5Cu043c%5Cu0435%5Cu043d%5Cu0430%22%2C+%22callback_data%22%3A+%22%2Fcancel%22%7D%5D%5D%7D HTTP/1.1" 200 738
2023-04-13 17:39:33,839 DEBUG urllib3.connectionpool https://api.telegram.org:443 "GET /bot6234331500:AAG2Hcuep4y4N58uuJeXrHnjbpaSyrpXk3c/getUpdates?offset=379040621&timeout=20 HTTP/1.1" 200 997
2023-04-13 17:39:33,990 DEBUG urllib3.connectionpool https://api.telegram.org:443 "POST /bot6234331500:AAG2Hcuep4y4N58uuJeXrHnjbpaSyrpXk3c/sendMessage?chat_id=1515397583&text=%D0%92%D0%BE%D0%B7%D0%B2%D1%80%D0%B0%D1%89%D0%B0%D0%B9%D1%82%D0%B5%D1%81%D1%8C%2C+%D0%BA%D0%B0%D0%BA+%D0%BF%D0%B5%D1%80%D0%B5%D0%B4%D1%83%D0%BC%D0%B0%D0%B5%D1%82%D0%B5+%3B%29 HTTP/1.1" 200 427
2023-04-13 17:39:38,214 DEBUG urllib3.connectionpool https://api.telegram.org:443 "GET /bot6234331500:AAG2Hcuep4y4N58uuJeXrHnjbpaSyrpXk3c/getUpdates?offset=379040622&timeout=20 HTTP/1.1" 200 338
2023-04-13 17:39:38,338 DEBUG urllib3.connectionpool https://api.telegram.org:443 "POST /bot6234331500:AAG2Hcuep4y4N58uuJeXrHnjbpaSyrpXk3c/sendMessage?chat_id=1515397583&text=%D0%A1%D0%BF%D0%B0%D1%81%D0%B8%D0%B1%D0%BE+%D0%B7%D0%B0+%D0%92%D0%B0%D1%88+%D0%B0%D0%BD%D0%B5%D0%BA%D0%B4%D0%BE%D1%82%2C+%D0%BC%D1%8B+%D0%BE%D1%86%D0%B5%D0%BD%D0%B8%D0%BC+%D0%B5%D0%B3%D0%BE%21 HTTP/1.1" 200 447
2023-04-13 17:39:58,300 DEBUG urllib3.connectionpool https://api.telegram.org:443 "GET /bot6234331500:AAG2Hcuep4y4N58uuJeXrHnjbpaSyrpXk3c/getUpdates?offset=379040623&timeout=20 HTTP/1.1" 200 23
2023-04-13 17:40:18,386 DEBUG urllib3.connectionpool https://api.telegram.org:443 "GET /bot6234331500:AAG2Hcuep4y4N58uuJeXrHnjbpaSyrpXk3c/getUpdates?offset=379040623&timeout=20 HTTP/1.1" 200 23
2023-04-13 17:40:38,476 DEBUG urllib3.connectionpool https://api.telegram.org:443 "GET /bot6234331500:AAG2Hcuep4y4N58uuJeXrHnjbpaSyrpXk3c/getUpdates?offset=379040623&timeout=20 HTTP/1.1" 200 23
2023-04-13 17:40:58,559 DEBUG urllib3.connectionpool https://api.telegram.org:443 "GET /bot6234331500:AAG2Hcuep4y4N58uuJeXrHnjbpaSyrpXk3c/getUpdates?offset=379040623&timeout=20 HTTP/1.1" 200 23
2023-04-13 17:41:18,644 DEBUG urllib3.connectionpool https://api.telegram.org:443 "GET /bot6234331500:AAG2Hcuep4y4N58uuJeXrHnjbpaSyrpXk3c/getUpdates?offset=379040623&timeout=20 HTTP/1.1" 200 23
2023-04-13 17:41:38,739 DEBUG urllib3.connectionpool https://api.telegram.org:443 "GET /bot6234331500:AAG2Hcuep4y4N58uuJeXrHnjbpaSyrpXk3c/getUpdates?offset=379040623&timeout=20 HTTP/1.1" 200 23
2023-04-13 17:41:58,835 DEBUG urllib3.connectionpool https://api.telegram.org:443 "GET /bot6234331500:AAG2Hcuep4y4N58uuJeXrHnjbpaSyrpXk3c/getUpdates?offset=379040623&timeout=20 HTTP/1.1" 200 23
2023-04-13 17:42:18,918 DEBUG urllib3.connectionpool https://api.telegram.org:443 "GET /bot6234331500:AAG2Hcuep4y4N58uuJeXrHnjbpaSyrpXk3c/getUpdates?offset=379040623&timeout=20 HTTP/1.1" 200 23
2023-04-13 17:42:39,014 DEBUG urllib3.connectionpool https://api.telegram.org:443 "GET /bot6234331500:AAG2Hcuep4y4N58uuJeXrHnjbpaSyrpXk3c/getUpdates?offset=379040623&timeout=20 HTTP/1.1" 200 23
2023-04-13 17:42:59,099 DEBUG urllib3.connectionpool https://api.telegram.org:443 "GET /bot6234331500:AAG2Hcuep4y4N58uuJeXrHnjbpaSyrpXk3c/getUpdates?offset=379040623&timeout=20 HTTP/1.1" 200 23
2023-04-13 17:43:19,194 DEBUG urllib3.connectionpool https://api.telegram.org:443 "GET /bot6234331500:AAG2Hcuep4y4N58uuJeXrHnjbpaSyrpXk3c/getUpdates?offset=379040623&timeout=20 HTTP/1.1" 200 23
2023-04-13 17:43:39,283 DEBUG urllib3.connectionpool https://api.telegram.org:443 "GET /bot6234331500:AAG2Hcuep4y4N58uuJeXrHnjbpaSyrpXk3c/getUpdates?offset=379040623&timeout=20 HTTP/1.1" 200 23
2023-04-13 17:43:59,375 DEBUG urllib3.connectionpool https://api.telegram.org:443 "GET /bot6234331500:AAG2Hcuep4y4N58uuJeXrHnjbpaSyrpXk3c/getUpdates?offset=379040623&timeout=20 HTTP/1.1" 200 23
2023-04-13 17:44:19,471 DEBUG urllib3.connectionpool https://api.telegram.org:443 "GET /bot6234331500:AAG2Hcuep4y4N58uuJeXrHnjbpaSyrpXk3c/getUpdates?offset=379040623&timeout=20 HTTP/1.1" 200 23
2023-04-13 17:44:39,569 DEBUG urllib3.connectionpool https://api.telegram.org:443 "GET /bot6234331500:AAG2Hcuep4y4N58uuJeXrHnjbpaSyrpXk3c/getUpdates?offset=379040623&timeout=20 HTTP/1.1" 200 23
2023-04-13 17:44:59,648 DEBUG urllib3.connectionpool https://api.telegram.org:443 "GET /bot6234331500:AAG2Hcuep4y4N58uuJeXrHnjbpaSyrpXk3c/getUpdates?offset=379040623&timeout=20 HTTP/1.1" 200 23
2023-04-13 17:45:19,744 DEBUG urllib3.connectionpool https://api.telegram.org:443 "GET /bot6234331500:AAG2Hcuep4y4N58uuJeXrHnjbpaSyrpXk3c/getUpdates?offset=379040623&timeout=20 HTTP/1.1" 200 23
2023-04-13 17:45:39,831 DEBUG urllib3.connectionpool https://api.telegram.org:443 "GET /bot6234331500:AAG2Hcuep4y4N58uuJeXrHnjbpaSyrpXk3c/getUpdates?offset=379040623&timeout=20 HTTP/1.1" 200 23
2023-04-13 17:45:59,917 DEBUG urllib3.connectionpool https://api.telegram.org:443 "GET /bot6234331500:AAG2Hcuep4y4N58uuJeXrHnjbpaSyrpXk3c/getUpdates?offset=379040623&timeout=20 HTTP/1.1" 200 23
2023-04-13 17:46:20,120 DEBUG urllib3.connectionpool https://api.telegram.org:443 "GET /bot6234331500:AAG2Hcuep4y4N58uuJeXrHnjbpaSyrpXk3c/getUpdates?offset=379040623&timeout=20 HTTP/1.1" 200 23
2023-04-13 17:46:40,236 DEBUG urllib3.connectionpool https://api.telegram.org:443 "GET /bot6234331500:AAG2Hcuep4y4N58uuJeXrHnjbpaSyrpXk3c/getUpdates?offset=379040623&timeout=20 HTTP/1.1" 200 23
2023-04-13 17:47:00,333 DEBUG urllib3.connectionpool https://api.telegram.org:443 "GET /bot6234331500:AAG2Hcuep4y4N58uuJeXrHnjbpaSyrpXk3c/getUpdates?offset=379040623&timeout=20 HTTP/1.1" 200 23
2023-04-13 17:47:20,424 DEBUG urllib3.connectionpool https://api.telegram.org:443 "GET /bot6234331500:AAG2Hcuep4y4N58uuJeXrHnjbpaSyrpXk3c/getUpdates?offset=379040623&timeout=20 HTTP/1.1" 200 23
2023-04-13 17:47:40,507 DEBUG urllib3.connectionpool https://api.telegram.org:443 "GET /bot6234331500:AAG2Hcuep4y4N58uuJeXrHnjbpaSyrpXk3c/getUpdates?offset=379040623&timeout=20 HTTP/1.1" 200 23
2023-04-13 17:48:00,613 DEBUG urllib3.connectionpool https://api.telegram.org:443 "GET /bot6234331500:AAG2Hcuep4y4N58uuJeXrHnjbpaSyrpXk3c/getUpdates?offset=379040623&timeout=20 HTTP/1.1" 200 23
2023-04-13 17:48:20,713 DEBUG urllib3.connectionpool https://api.telegram.org:443 "GET /bot6234331500:AAG2Hcuep4y4N58uuJeXrHnjbpaSyrpXk3c/getUpdates?offset=379040623&timeout=20 HTTP/1.1" 200 23
2023-04-13 17:48:40,801 DEBUG urllib3.connectionpool https://api.telegram.org:443 "GET /bot6234331500:AAG2Hcuep4y4N58uuJeXrHnjbpaSyrpXk3c/getUpdates?offset=379040623&timeout=20 HTTP/1.1" 200 23
2023-04-13 17:49:01,779 DEBUG urllib3.connectionpool https://api.telegram.org:443 "GET /bot6234331500:AAG2Hcuep4y4N58uuJeXrHnjbpaSyrpXk3c/getUpdates?offset=379040623&timeout=20 HTTP/1.1" 200 23
2023-04-13 17:49:21,870 DEBUG urllib3.connectionpool https://api.telegram.org:443 "GET /bot6234331500:AAG2Hcuep4y4N58uuJeXrHnjbpaSyrpXk3c/getUpdates?offset=379040623&timeout=20 HTTP/1.1" 200 23
2023-04-13 17:49:21,885 DEBUG urllib3.connectionpool Starting new HTTPS connection (1): api.telegram.org:443
2023-04-13 17:49:42,346 DEBUG urllib3.connectionpool https://api.telegram.org:443 "GET /bot6234331500:AAG2Hcuep4y4N58uuJeXrHnjbpaSyrpXk3c/getUpdates?offset=379040623&timeout=20 HTTP/1.1" 200 23
2023-04-13 17:50:02,435 DEBUG urllib3.connectionpool https://api.telegram.org:443 "GET /bot6234331500:AAG2Hcuep4y4N58uuJeXrHnjbpaSyrpXk3c/getUpdates?offset=379040623&timeout=20 HTTP/1.1" 200 23
2023-04-13 17:50:22,522 DEBUG urllib3.connectionpool https://api.telegram.org:443 "GET /bot6234331500:AAG2Hcuep4y4N58uuJeXrHnjbpaSyrpXk3c/getUpdates?offset=379040623&timeout=20 HTTP/1.1" 200 23
2023-04-13 17:50:42,611 DEBUG urllib3.connectionpool https://api.telegram.org:443 "GET /bot6234331500:AAG2Hcuep4y4N58uuJeXrHnjbpaSyrpXk3c/getUpdates?offset=379040623&timeout=20 HTTP/1.1" 200 23
2023-04-13 17:51:02,702 DEBUG urllib3.connectionpool https://api.telegram.org:443 "GET /bot6234331500:AAG2Hcuep4y4N58uuJeXrHnjbpaSyrpXk3c/getUpdates?offset=379040623&timeout=20 HTTP/1.1" 200 23
2023-04-13 17:51:22,792 DEBUG urllib3.connectionpool https://api.telegram.org:443 "GET /bot6234331500:AAG2Hcuep4y4N58uuJeXrHnjbpaSyrpXk3c/getUpdates?offset=379040623&timeout=20 HTTP/1.1" 200 23
2023-04-13 17:51:42,880 DEBUG urllib3.connectionpool https://api.telegram.org:443 "GET /bot6234331500:AAG2Hcuep4y4N58uuJeXrHnjbpaSyrpXk3c/getUpdates?offset=379040623&timeout=20 HTTP/1.1" 200 23
2023-04-13 17:52:02,967 DEBUG urllib3.connectionpool https://api.telegram.org:443 "GET /bot6234331500:AAG2Hcuep4y4N58uuJeXrHnjbpaSyrpXk3c/getUpdates?offset=379040623&timeout=20 HTTP/1.1" 200 23
2023-04-13 17:52:23,060 DEBUG urllib3.connectionpool https://api.telegram.org:443 "GET /bot6234331500:AAG2Hcuep4y4N58uuJeXrHnjbpaSyrpXk3c/getUpdates?offset=379040623&timeout=20 HTTP/1.1" 200 23
2023-04-13 17:52:43,151 DEBUG urllib3.connectionpool https://api.telegram.org:443 "GET /bot6234331500:AAG2Hcuep4y4N58uuJeXrHnjbpaSyrpXk3c/getUpdates?offset=379040623&timeout=20 HTTP/1.1" 200 23
2023-04-13 17:53:03,245 DEBUG urllib3.connectionpool https://api.telegram.org:443 "GET /bot6234331500:AAG2Hcuep4y4N58uuJeXrHnjbpaSyrpXk3c/getUpdates?offset=379040623&timeout=20 HTTP/1.1" 200 23
2023-04-13 17:53:23,337 DEBUG urllib3.connectionpool https://api.telegram.org:443 "GET /bot6234331500:AAG2Hcuep4y4N58uuJeXrHnjbpaSyrpXk3c/getUpdates?offset=379040623&timeout=20 HTTP/1.1" 200 23
2023-04-13 17:53:33,349 DEBUG urllib3.connectionpool https://api.telegram.org:443 "GET /bot6234331500:AAG2Hcuep4y4N58uuJeXrHnjbpaSyrpXk3c/getUpdates?offset=379040623&timeout=20 HTTP/1.1" 409 143
2023-04-13 17:53:33,359 ERROR TeleBot Threaded polling exception: A request to the Telegram API was unsuccessful. Error code: 409. Description: Conflict: terminated by other getUpdates request; make sure that only one bot instance is running
2023-04-13 17:53:33,360 ERROR TeleBot Exception traceback:
Traceback (most recent call last):
  File "C:\Users\яндекс 2 год (3)\AppData\Local\Programs\Python\Python39\lib\site-packages\telebot\__init__.py", line 1073, in __threaded_polling
    polling_thread.raise_exceptions()
  File "C:\Users\яндекс 2 год (3)\AppData\Local\Programs\Python\Python39\lib\site-packages\telebot\util.py", line 109, in raise_exceptions
    raise self.exception_info
  File "C:\Users\яндекс 2 год (3)\AppData\Local\Programs\Python\Python39\lib\site-packages\telebot\util.py", line 91, in run
    task(*args, **kwargs)
  File "C:\Users\яндекс 2 год (3)\AppData\Local\Programs\Python\Python39\lib\site-packages\telebot\__init__.py", line 649, in __retrieve_updates
    updates = self.get_updates(offset=(self.last_update_id + 1),
  File "C:\Users\яндекс 2 год (3)\AppData\Local\Programs\Python\Python39\lib\site-packages\telebot\__init__.py", line 623, in get_updates
    json_updates = apihelper.get_updates(self.token, offset, limit, timeout, allowed_updates, long_polling_timeout)
  File "C:\Users\яндекс 2 год (3)\AppData\Local\Programs\Python\Python39\lib\site-packages\telebot\apihelper.py", line 321, in get_updates
    return _make_request(token, method_url, params=payload)
  File "C:\Users\яндекс 2 год (3)\AppData\Local\Programs\Python\Python39\lib\site-packages\telebot\apihelper.py", line 162, in _make_request
    json_result = _check_result(method_name, result)
  File "C:\Users\яндекс 2 год (3)\AppData\Local\Programs\Python\Python39\lib\site-packages\telebot\apihelper.py", line 189, in _check_result
    raise ApiTelegramException(method_name, result, result_json)
telebot.apihelper.ApiTelegramException: A request to the Telegram API was unsuccessful. Error code: 409. Description: Conflict: terminated by other getUpdates request; make sure that only one bot instance is running

2023-04-13 17:53:37,127 DEBUG urllib3.connectionpool https://api.telegram.org:443 "GET /bot6234331500:AAG2Hcuep4y4N58uuJeXrHnjbpaSyrpXk3c/getUpdates?offset=379040623&timeout=20 HTTP/1.1" 409 143
2023-04-13 17:53:37,128 ERROR TeleBot Threaded polling exception: A request to the Telegram API was unsuccessful. Error code: 409. Description: Conflict: terminated by other getUpdates request; make sure that only one bot instance is running
2023-04-13 17:53:37,129 ERROR TeleBot Exception traceback:
Traceback (most recent call last):
  File "C:\Users\яндекс 2 год (3)\AppData\Local\Programs\Python\Python39\lib\site-packages\telebot\__init__.py", line 1073, in __threaded_polling
    polling_thread.raise_exceptions()
  File "C:\Users\яндекс 2 год (3)\AppData\Local\Programs\Python\Python39\lib\site-packages\telebot\util.py", line 109, in raise_exceptions
    raise self.exception_info
  File "C:\Users\яндекс 2 год (3)\AppData\Local\Programs\Python\Python39\lib\site-packages\telebot\util.py", line 91, in run
    task(*args, **kwargs)
  File "C:\Users\яндекс 2 год (3)\AppData\Local\Programs\Python\Python39\lib\site-packages\telebot\__init__.py", line 649, in __retrieve_updates
    updates = self.get_updates(offset=(self.last_update_id + 1),
  File "C:\Users\яндекс 2 год (3)\AppData\Local\Programs\Python\Python39\lib\site-packages\telebot\__init__.py", line 623, in get_updates
    json_updates = apihelper.get_updates(self.token, offset, limit, timeout, allowed_updates, long_polling_timeout)
  File "C:\Users\яндекс 2 год (3)\AppData\Local\Programs\Python\Python39\lib\site-packages\telebot\apihelper.py", line 321, in get_updates
    return _make_request(token, method_url, params=payload)
  File "C:\Users\яндекс 2 год (3)\AppData\Local\Programs\Python\Python39\lib\site-packages\telebot\apihelper.py", line 162, in _make_request
    json_result = _check_result(method_name, result)
  File "C:\Users\яндекс 2 год (3)\AppData\Local\Programs\Python\Python39\lib\site-packages\telebot\apihelper.py", line 189, in _check_result
    raise ApiTelegramException(method_name, result, result_json)
telebot.apihelper.ApiTelegramException: A request to the Telegram API was unsuccessful. Error code: 409. Description: Conflict: terminated by other getUpdates request; make sure that only one bot instance is running

2023-04-13 17:53:41,122 DEBUG urllib3.connectionpool https://api.telegram.org:443 "GET /bot6234331500:AAG2Hcuep4y4N58uuJeXrHnjbpaSyrpXk3c/getUpdates?offset=379040623&timeout=20 HTTP/1.1" 409 143
2023-04-13 17:53:41,123 ERROR TeleBot Threaded polling exception: A request to the Telegram API was unsuccessful. Error code: 409. Description: Conflict: terminated by other getUpdates request; make sure that only one bot instance is running
2023-04-13 17:53:41,124 ERROR TeleBot Exception traceback:
Traceback (most recent call last):
  File "C:\Users\яндекс 2 год (3)\AppData\Local\Programs\Python\Python39\lib\site-packages\telebot\__init__.py", line 1073, in __threaded_polling
    polling_thread.raise_exceptions()
  File "C:\Users\яндекс 2 год (3)\AppData\Local\Programs\Python\Python39\lib\site-packages\telebot\util.py", line 109, in raise_exceptions
    raise self.exception_info
  File "C:\Users\яндекс 2 год (3)\AppData\Local\Programs\Python\Python39\lib\site-packages\telebot\util.py", line 91, in run
    task(*args, **kwargs)
  File "C:\Users\яндекс 2 год (3)\AppData\Local\Programs\Python\Python39\lib\site-packages\telebot\__init__.py", line 649, in __retrieve_updates
    updates = self.get_updates(offset=(self.last_update_id + 1),
  File "C:\Users\яндекс 2 год (3)\AppData\Local\Programs\Python\Python39\lib\site-packages\telebot\__init__.py", line 623, in get_updates
    json_updates = apihelper.get_updates(self.token, offset, limit, timeout, allowed_updates, long_polling_timeout)
  File "C:\Users\яндекс 2 год (3)\AppData\Local\Programs\Python\Python39\lib\site-packages\telebot\apihelper.py", line 321, in get_updates
    return _make_request(token, method_url, params=payload)
  File "C:\Users\яндекс 2 год (3)\AppData\Local\Programs\Python\Python39\lib\site-packages\telebot\apihelper.py", line 162, in _make_request
    json_result = _check_result(method_name, result)
  File "C:\Users\яндекс 2 год (3)\AppData\Local\Programs\Python\Python39\lib\site-packages\telebot\apihelper.py", line 189, in _check_result
    raise ApiTelegramException(method_name, result, result_json)
telebot.apihelper.ApiTelegramException: A request to the Telegram API was unsuccessful. Error code: 409. Description: Conflict: terminated by other getUpdates request; make sure that only one bot instance is running

2023-04-13 17:53:45,861 DEBUG urllib3.connectionpool https://api.telegram.org:443 "GET /bot6234331500:AAG2Hcuep4y4N58uuJeXrHnjbpaSyrpXk3c/getUpdates?offset=379040623&timeout=20 HTTP/1.1" 409 143
2023-04-13 17:53:45,863 ERROR TeleBot Threaded polling exception: A request to the Telegram API was unsuccessful. Error code: 409. Description: Conflict: terminated by other getUpdates request; make sure that only one bot instance is running
2023-04-13 17:53:45,864 ERROR TeleBot Exception traceback:
Traceback (most recent call last):
  File "C:\Users\яндекс 2 год (3)\AppData\Local\Programs\Python\Python39\lib\site-packages\telebot\__init__.py", line 1073, in __threaded_polling
    polling_thread.raise_exceptions()
  File "C:\Users\яндекс 2 год (3)\AppData\Local\Programs\Python\Python39\lib\site-packages\telebot\util.py", line 109, in raise_exceptions
    raise self.exception_info
  File "C:\Users\яндекс 2 год (3)\AppData\Local\Programs\Python\Python39\lib\site-packages\telebot\util.py", line 91, in run
    task(*args, **kwargs)
  File "C:\Users\яндекс 2 год (3)\AppData\Local\Programs\Python\Python39\lib\site-packages\telebot\__init__.py", line 649, in __retrieve_updates
    updates = self.get_updates(offset=(self.last_update_id + 1),
  File "C:\Users\яндекс 2 год (3)\AppData\Local\Programs\Python\Python39\lib\site-packages\telebot\__init__.py", line 623, in get_updates
    json_updates = apihelper.get_updates(self.token, offset, limit, timeout, allowed_updates, long_polling_timeout)
  File "C:\Users\яндекс 2 год (3)\AppData\Local\Programs\Python\Python39\lib\site-packages\telebot\apihelper.py", line 321, in get_updates
    return _make_request(token, method_url, params=payload)
  File "C:\Users\яндекс 2 год (3)\AppData\Local\Programs\Python\Python39\lib\site-packages\telebot\apihelper.py", line 162, in _make_request
    json_result = _check_result(method_name, result)
  File "C:\Users\яндекс 2 год (3)\AppData\Local\Programs\Python\Python39\lib\site-packages\telebot\apihelper.py", line 189, in _check_result
    raise ApiTelegramException(method_name, result, result_json)
telebot.apihelper.ApiTelegramException: A request to the Telegram API was unsuccessful. Error code: 409. Description: Conflict: terminated by other getUpdates request; make sure that only one bot instance is running

2023-04-13 17:53:50,008 DEBUG urllib3.connectionpool https://api.telegram.org:443 "GET /bot6234331500:AAG2Hcuep4y4N58uuJeXrHnjbpaSyrpXk3c/getUpdates?offset=379040623&timeout=20 HTTP/1.1" 200 337
2023-04-13 17:53:50,010 INFO root 1515397583 @anal_nosorog2009 sadas
2023-04-13 17:53:50,023 DEBUG urllib3.connectionpool Starting new HTTPS connection (1): api.telegram.org:443
2023-04-13 17:53:50,373 DEBUG urllib3.connectionpool https://api.telegram.org:443 "POST /bot6234331500:AAG2Hcuep4y4N58uuJeXrHnjbpaSyrpXk3c/sendMessage?chat_id=1515397583&text=%D0%9D%D0%B5%D0%B2%D0%B5%D1%80%D0%BD%D0%B0%D1%8F+%D0%BA%D0%BE%D0%BC%D0%B0%D0%BD%D0%B4%D0%B0+%D0%B8%D0%BB%D0%B8+ID+%D0%B0%D0%BD%D0%B5%D0%BA%D0%B4%D0%BE%D1%82%D0%B0. HTTP/1.1" 200 422
2023-04-13 17:53:50,373 ERROR root ќшибка > no such column: sadas
2023-04-13 17:53:52,322 DEBUG urllib3.connectionpool https://api.telegram.org:443 "GET /bot6234331500:AAG2Hcuep4y4N58uuJeXrHnjbpaSyrpXk3c/getUpdates?offset=379040625&timeout=20 HTTP/1.1" 409 143
2023-04-13 17:53:52,323 ERROR TeleBot Threaded polling exception: A request to the Telegram API was unsuccessful. Error code: 409. Description: Conflict: terminated by other getUpdates request; make sure that only one bot instance is running
2023-04-13 17:53:52,324 ERROR TeleBot Exception traceback:
Traceback (most recent call last):
  File "C:\Users\яндекс 2 год (3)\AppData\Local\Programs\Python\Python39\lib\site-packages\telebot\__init__.py", line 1073, in __threaded_polling
    polling_thread.raise_exceptions()
  File "C:\Users\яндекс 2 год (3)\AppData\Local\Programs\Python\Python39\lib\site-packages\telebot\util.py", line 109, in raise_exceptions
    raise self.exception_info
  File "C:\Users\яндекс 2 год (3)\AppData\Local\Programs\Python\Python39\lib\site-packages\telebot\util.py", line 91, in run
    task(*args, **kwargs)
  File "C:\Users\яндекс 2 год (3)\AppData\Local\Programs\Python\Python39\lib\site-packages\telebot\__init__.py", line 649, in __retrieve_updates
    updates = self.get_updates(offset=(self.last_update_id + 1),
  File "C:\Users\яндекс 2 год (3)\AppData\Local\Programs\Python\Python39\lib\site-packages\telebot\__init__.py", line 623, in get_updates
    json_updates = apihelper.get_updates(self.token, offset, limit, timeout, allowed_updates, long_polling_timeout)
  File "C:\Users\яндекс 2 год (3)\AppData\Local\Programs\Python\Python39\lib\site-packages\telebot\apihelper.py", line 321, in get_updates
    return _make_request(token, method_url, params=payload)
  File "C:\Users\яндекс 2 год (3)\AppData\Local\Programs\Python\Python39\lib\site-packages\telebot\apihelper.py", line 162, in _make_request
    json_result = _check_result(method_name, result)
  File "C:\Users\яндекс 2 год (3)\AppData\Local\Programs\Python\Python39\lib\site-packages\telebot\apihelper.py", line 189, in _check_result
    raise ApiTelegramException(method_name, result, result_json)
telebot.apihelper.ApiTelegramException: A request to the Telegram API was unsuccessful. Error code: 409. Description: Conflict: terminated by other getUpdates request; make sure that only one bot instance is running

2023-04-13 17:53:57,811 DEBUG urllib3.connectionpool https://api.telegram.org:443 "GET /bot6234331500:AAG2Hcuep4y4N58uuJeXrHnjbpaSyrpXk3c/getUpdates?offset=379040625&timeout=20 HTTP/1.1" 409 143
2023-04-13 17:53:57,814 ERROR TeleBot Threaded polling exception: A request to the Telegram API was unsuccessful. Error code: 409. Description: Conflict: terminated by other getUpdates request; make sure that only one bot instance is running
2023-04-13 17:53:57,815 ERROR TeleBot Exception traceback:
Traceback (most recent call last):
  File "C:\Users\яндекс 2 год (3)\AppData\Local\Programs\Python\Python39\lib\site-packages\telebot\__init__.py", line 1073, in __threaded_polling
    polling_thread.raise_exceptions()
  File "C:\Users\яндекс 2 год (3)\AppData\Local\Programs\Python\Python39\lib\site-packages\telebot\util.py", line 109, in raise_exceptions
    raise self.exception_info
  File "C:\Users\яндекс 2 год (3)\AppData\Local\Programs\Python\Python39\lib\site-packages\telebot\util.py", line 91, in run
    task(*args, **kwargs)
  File "C:\Users\яндекс 2 год (3)\AppData\Local\Programs\Python\Python39\lib\site-packages\telebot\__init__.py", line 649, in __retrieve_updates
    updates = self.get_updates(offset=(self.last_update_id + 1),
  File "C:\Users\яндекс 2 год (3)\AppData\Local\Programs\Python\Python39\lib\site-packages\telebot\__init__.py", line 623, in get_updates
    json_updates = apihelper.get_updates(self.token, offset, limit, timeout, allowed_updates, long_polling_timeout)
  File "C:\Users\яндекс 2 год (3)\AppData\Local\Programs\Python\Python39\lib\site-packages\telebot\apihelper.py", line 321, in get_updates
    return _make_request(token, method_url, params=payload)
  File "C:\Users\яндекс 2 год (3)\AppData\Local\Programs\Python\Python39\lib\site-packages\telebot\apihelper.py", line 162, in _make_request
    json_result = _check_result(method_name, result)
  File "C:\Users\яндекс 2 год (3)\AppData\Local\Programs\Python\Python39\lib\site-packages\telebot\apihelper.py", line 189, in _check_result
    raise ApiTelegramException(method_name, result, result_json)
telebot.apihelper.ApiTelegramException: A request to the Telegram API was unsuccessful. Error code: 409. Description: Conflict: terminated by other getUpdates request; make sure that only one bot instance is running

2023-04-13 17:54:01,585 DEBUG urllib3.connectionpool https://api.telegram.org:443 "GET /bot6234331500:AAG2Hcuep4y4N58uuJeXrHnjbpaSyrpXk3c/getUpdates?offset=379040625&timeout=20 HTTP/1.1" 200 997
2023-04-13 17:54:01,742 DEBUG urllib3.connectionpool https://api.telegram.org:443 "POST /bot6234331500:AAG2Hcuep4y4N58uuJeXrHnjbpaSyrpXk3c/sendMessage?chat_id=1515397583&text=%D0%92%D0%BE%D0%B7%D0%B2%D1%80%D0%B0%D1%89%D0%B0%D0%B9%D1%82%D0%B5%D1%81%D1%8C%2C+%D0%BA%D0%B0%D0%BA+%D0%BF%D0%B5%D1%80%D0%B5%D0%B4%D1%83%D0%BC%D0%B0%D0%B5%D1%82%D0%B5+%3B%29 HTTP/1.1" 200 427
2023-04-13 17:54:05,480 DEBUG urllib3.connectionpool https://api.telegram.org:443 "GET /bot6234331500:AAG2Hcuep4y4N58uuJeXrHnjbpaSyrpXk3c/getUpdates?offset=379040626&timeout=20 HTTP/1.1" 200 338
2023-04-13 17:54:05,483 INFO root 1515397583 @anal_nosorog2009 dsasad
2023-04-13 17:54:05,489 DEBUG urllib3.connectionpool Starting new HTTPS connection (1): api.telegram.org:443
2023-04-13 17:54:05,568 DEBUG urllib3.connectionpool https://api.telegram.org:443 "GET /bot6234331500:AAG2Hcuep4y4N58uuJeXrHnjbpaSyrpXk3c/getUpdates?offset=379040627&timeout=20 HTTP/1.1" 409 143
2023-04-13 17:54:05,570 ERROR TeleBot Threaded polling exception: A request to the Telegram API was unsuccessful. Error code: 409. Description: Conflict: terminated by other getUpdates request; make sure that only one bot instance is running
2023-04-13 17:54:05,571 ERROR TeleBot Exception traceback:
Traceback (most recent call last):
  File "C:\Users\яндекс 2 год (3)\AppData\Local\Programs\Python\Python39\lib\site-packages\telebot\__init__.py", line 1073, in __threaded_polling
    polling_thread.raise_exceptions()
  File "C:\Users\яндекс 2 год (3)\AppData\Local\Programs\Python\Python39\lib\site-packages\telebot\util.py", line 109, in raise_exceptions
    raise self.exception_info
  File "C:\Users\яндекс 2 год (3)\AppData\Local\Programs\Python\Python39\lib\site-packages\telebot\util.py", line 91, in run
    task(*args, **kwargs)
  File "C:\Users\яндекс 2 год (3)\AppData\Local\Programs\Python\Python39\lib\site-packages\telebot\__init__.py", line 649, in __retrieve_updates
    updates = self.get_updates(offset=(self.last_update_id + 1),
  File "C:\Users\яндекс 2 год (3)\AppData\Local\Programs\Python\Python39\lib\site-packages\telebot\__init__.py", line 623, in get_updates
    json_updates = apihelper.get_updates(self.token, offset, limit, timeout, allowed_updates, long_polling_timeout)
  File "C:\Users\яндекс 2 год (3)\AppData\Local\Programs\Python\Python39\lib\site-packages\telebot\apihelper.py", line 321, in get_updates
    return _make_request(token, method_url, params=payload)
  File "C:\Users\яндекс 2 год (3)\AppData\Local\Programs\Python\Python39\lib\site-packages\telebot\apihelper.py", line 162, in _make_request
    json_result = _check_result(method_name, result)
  File "C:\Users\яндекс 2 год (3)\AppData\Local\Programs\Python\Python39\lib\site-packages\telebot\apihelper.py", line 189, in _check_result
    raise ApiTelegramException(method_name, result, result_json)
telebot.apihelper.ApiTelegramException: A request to the Telegram API was unsuccessful. Error code: 409. Description: Conflict: terminated by other getUpdates request; make sure that only one bot instance is running

2023-04-13 17:54:05,827 DEBUG urllib3.connectionpool https://api.telegram.org:443 "POST /bot6234331500:AAG2Hcuep4y4N58uuJeXrHnjbpaSyrpXk3c/sendMessage?chat_id=1515397583&text=%D0%9D%D0%B5%D0%B2%D0%B5%D1%80%D0%BD%D0%B0%D1%8F+%D0%BA%D0%BE%D0%BC%D0%B0%D0%BD%D0%B4%D0%B0+%D0%B8%D0%BB%D0%B8+ID+%D0%B0%D0%BD%D0%B5%D0%BA%D0%B4%D0%BE%D1%82%D0%B0. HTTP/1.1" 200 422
2023-04-13 17:54:05,829 ERROR root ќшибка > no such column: dsasad
2023-04-13 17:54:13,215 DEBUG urllib3.connectionpool https://api.telegram.org:443 "GET /bot6234331500:AAG2Hcuep4y4N58uuJeXrHnjbpaSyrpXk3c/getUpdates?offset=379040627&timeout=20 HTTP/1.1" 200 376
2023-04-13 17:54:13,217 INFO root 1325937002 @Youtya_Youtyev dfgdgf
2023-04-13 17:54:13,383 DEBUG urllib3.connectionpool https://api.telegram.org:443 "POST /bot6234331500:AAG2Hcuep4y4N58uuJeXrHnjbpaSyrpXk3c/sendMessage?chat_id=1325937002&text=%D0%9D%D0%B5%D0%B2%D0%B5%D1%80%D0%BD%D0%B0%D1%8F+%D0%BA%D0%BE%D0%BC%D0%B0%D0%BD%D0%B4%D0%B0+%D0%B8%D0%BB%D0%B8+ID+%D0%B0%D0%BD%D0%B5%D0%BA%D0%B4%D0%BE%D1%82%D0%B0. HTTP/1.1" 200 432
2023-04-13 17:54:13,384 ERROR root ќшибка > no such column: dfgdgf
2023-04-13 17:54:17,242 DEBUG urllib3.connectionpool https://api.telegram.org:443 "GET /bot6234331500:AAG2Hcuep4y4N58uuJeXrHnjbpaSyrpXk3c/getUpdates?offset=379040628&timeout=20 HTTP/1.1" 409 143
2023-04-13 17:54:17,246 ERROR TeleBot Threaded polling exception: A request to the Telegram API was unsuccessful. Error code: 409. Description: Conflict: terminated by other getUpdates request; make sure that only one bot instance is running
2023-04-13 17:54:17,247 ERROR TeleBot Exception traceback:
Traceback (most recent call last):
  File "C:\Users\яндекс 2 год (3)\AppData\Local\Programs\Python\Python39\lib\site-packages\telebot\__init__.py", line 1073, in __threaded_polling
    polling_thread.raise_exceptions()
  File "C:\Users\яндекс 2 год (3)\AppData\Local\Programs\Python\Python39\lib\site-packages\telebot\util.py", line 109, in raise_exceptions
    raise self.exception_info
  File "C:\Users\яндекс 2 год (3)\AppData\Local\Programs\Python\Python39\lib\site-packages\telebot\util.py", line 91, in run
    task(*args, **kwargs)
  File "C:\Users\яндекс 2 год (3)\AppData\Local\Programs\Python\Python39\lib\site-packages\telebot\__init__.py", line 649, in __retrieve_updates
    updates = self.get_updates(offset=(self.last_update_id + 1),
  File "C:\Users\яндекс 2 год (3)\AppData\Local\Programs\Python\Python39\lib\site-packages\telebot\__init__.py", line 623, in get_updates
    json_updates = apihelper.get_updates(self.token, offset, limit, timeout, allowed_updates, long_polling_timeout)
  File "C:\Users\яндекс 2 год (3)\AppData\Local\Programs\Python\Python39\lib\site-packages\telebot\apihelper.py", line 321, in get_updates
    return _make_request(token, method_url, params=payload)
  File "C:\Users\яндекс 2 год (3)\AppData\Local\Programs\Python\Python39\lib\site-packages\telebot\apihelper.py", line 162, in _make_request
    json_result = _check_result(method_name, result)
  File "C:\Users\яндекс 2 год (3)\AppData\Local\Programs\Python\Python39\lib\site-packages\telebot\apihelper.py", line 189, in _check_result
    raise ApiTelegramException(method_name, result, result_json)
telebot.apihelper.ApiTelegramException: A request to the Telegram API was unsuccessful. Error code: 409. Description: Conflict: terminated by other getUpdates request; make sure that only one bot instance is running

2023-04-13 17:54:36,722 DEBUG urllib3.connectionpool https://api.telegram.org:443 "GET /bot6234331500:AAG2Hcuep4y4N58uuJeXrHnjbpaSyrpXk3c/getUpdates?offset=379040628&timeout=20 HTTP/1.1" 409 143
2023-04-13 17:54:36,723 ERROR TeleBot Threaded polling exception: A request to the Telegram API was unsuccessful. Error code: 409. Description: Conflict: terminated by other getUpdates request; make sure that only one bot instance is running
2023-04-13 17:54:36,725 ERROR TeleBot Exception traceback:
Traceback (most recent call last):
  File "C:\Users\яндекс 2 год (3)\AppData\Local\Programs\Python\Python39\lib\site-packages\telebot\__init__.py", line 1073, in __threaded_polling
    polling_thread.raise_exceptions()
  File "C:\Users\яндекс 2 год (3)\AppData\Local\Programs\Python\Python39\lib\site-packages\telebot\util.py", line 109, in raise_exceptions
    raise self.exception_info
  File "C:\Users\яндекс 2 год (3)\AppData\Local\Programs\Python\Python39\lib\site-packages\telebot\util.py", line 91, in run
    task(*args, **kwargs)
  File "C:\Users\яндекс 2 год (3)\AppData\Local\Programs\Python\Python39\lib\site-packages\telebot\__init__.py", line 649, in __retrieve_updates
    updates = self.get_updates(offset=(self.last_update_id + 1),
  File "C:\Users\яндекс 2 год (3)\AppData\Local\Programs\Python\Python39\lib\site-packages\telebot\__init__.py", line 623, in get_updates
    json_updates = apihelper.get_updates(self.token, offset, limit, timeout, allowed_updates, long_polling_timeout)
  File "C:\Users\яндекс 2 год (3)\AppData\Local\Programs\Python\Python39\lib\site-packages\telebot\apihelper.py", line 321, in get_updates
    return _make_request(token, method_url, params=payload)
  File "C:\Users\яндекс 2 год (3)\AppData\Local\Programs\Python\Python39\lib\site-packages\telebot\apihelper.py", line 162, in _make_request
    json_result = _check_result(method_name, result)
  File "C:\Users\яндекс 2 год (3)\AppData\Local\Programs\Python\Python39\lib\site-packages\telebot\apihelper.py", line 189, in _check_result
    raise ApiTelegramException(method_name, result, result_json)
telebot.apihelper.ApiTelegramException: A request to the Telegram API was unsuccessful. Error code: 409. Description: Conflict: terminated by other getUpdates request; make sure that only one bot instance is running

2023-04-13 17:54:39,140 DEBUG urllib3.connectionpool https://api.telegram.org:443 "GET /bot6234331500:AAG2Hcuep4y4N58uuJeXrHnjbpaSyrpXk3c/getUpdates?offset=379040628&timeout=20 HTTP/1.1" 200 436
2023-04-13 17:54:39,262 DEBUG urllib3.connectionpool https://api.telegram.org:443 "POST /bot6234331500:AAG2Hcuep4y4N58uuJeXrHnjbpaSyrpXk3c/sendMessage?chat_id=1325937002&text=%D0%9F%D0%BE%D0%B6%D0%B0%D0%BB%D1%83%D0%B9%D1%81%D1%82%D0%B0%2C+%D0%B2%D0%B2%D0%B5%D0%B4%D0%B8%D1%82%D0%B5+%D0%92%D0%B0%D1%88+%D0%B0%D0%BD%D0%B5%D0%BA%D0%B4%D0%BE%D1%82.+%D0%95%D1%81%D0%BB%D0%B8+%D0%BF%D0%B5%D1%80%D0%B5%D0%B4%D1%83%D0%BC%D0%B0%D0%BB%D0%B8+-+%2Fcancel+%D0%B2+%D0%BF%D0%BE%D0%BC%D0%BE%D1%89%D1%8C&reply_markup=%7B%22inline_keyboard%22%3A+%5B%5B%7B%22text%22%3A+%22%5Cu041e%5Cu0442%5Cu043c%5Cu0435%5Cu043d%5Cu0430%22%2C+%22callback_data%22%3A+%22%2Fcancel%22%7D%5D%5D%7D HTTP/1.1" 200 748
2023-04-13 17:54:42,801 DEBUG urllib3.connectionpool https://api.telegram.org:443 "GET /bot6234331500:AAG2Hcuep4y4N58uuJeXrHnjbpaSyrpXk3c/getUpdates?offset=379040629&timeout=20 HTTP/1.1" 200 339
2023-04-13 17:54:42,804 INFO root 1515397583 @anal_nosorog2009 desaasd
2023-04-13 17:54:42,955 DEBUG urllib3.connectionpool https://api.telegram.org:443 "POST /bot6234331500:AAG2Hcuep4y4N58uuJeXrHnjbpaSyrpXk3c/sendMessage?chat_id=1515397583&text=%D0%9D%D0%B5%D0%B2%D0%B5%D1%80%D0%BD%D0%B0%D1%8F+%D0%BA%D0%BE%D0%BC%D0%B0%D0%BD%D0%B4%D0%B0+%D0%B8%D0%BB%D0%B8+ID+%D0%B0%D0%BD%D0%B5%D0%BA%D0%B4%D0%BE%D1%82%D0%B0. HTTP/1.1" 200 422
2023-04-13 17:54:42,957 ERROR root ќшибка > no such column: desaasd
2023-04-13 17:54:57,849 ERROR TeleBot Infinity polling: polling exited
2023-04-13 17:54:57,849 ERROR TeleBot Break infinity polling
2023-04-13 17:54:57,850 INFO root Bot STOPPED
