2023-04-13 17:25:33,916 INFO root Token successfully initted: 6234331500:AAG2Hcuep4y4N58uuJeXrHnjbpaSyrpXk3c
2023-04-13 17:25:33,917 INFO root Bot successfully initted
2023-04-13 17:25:33,918 INFO root DB connected successfully, cursor created
2023-04-13 17:25:33,921 DEBUG urllib3.connectionpool Starting new HTTPS connection (1): api.telegram.org:443
2023-04-13 17:25:34,366 DEBUG urllib3.connectionpool https://api.telegram.org:443 "GET /bot6234331500:AAG2Hcuep4y4N58uuJeXrHnjbpaSyrpXk3c/getMe HTTP/1.1" 200 191
2023-04-13 17:25:34,372 DEBUG urllib3.connectionpool Starting new HTTPS connection (1): api.telegram.org:443
2023-04-13 17:25:54,657 DEBUG urllib3.connectionpool https://api.telegram.org:443 "GET /bot6234331500:AAG2Hcuep4y4N58uuJeXrHnjbpaSyrpXk3c/getUpdates?offset=1&timeout=20 HTTP/1.1" 200 23
2023-04-13 17:26:11,675 DEBUG urllib3.connectionpool https://api.telegram.org:443 "GET /bot6234331500:AAG2Hcuep4y4N58uuJeXrHnjbpaSyrpXk3c/getUpdates?offset=1&timeout=20 HTTP/1.1" 200 422
2023-04-13 17:26:11,678 INFO root 710029246 @uvarov997 /start
2023-04-13 17:26:11,748 DEBUG urllib3.connectionpool Starting new HTTPS connection (1): api.telegram.org:443
2023-04-13 17:26:12,126 DEBUG urllib3.connectionpool https://api.telegram.org:443 "POST /bot6234331500:AAG2Hcuep4y4N58uuJeXrHnjbpaSyrpXk3c/sendMessage?chat_id=710029246&text=%F0%9F%91%8B+%3Cb%3E%D0%9F%D1%80%D0%B8%D0%B2%D0%B5%D1%82%2C+%5BCoco+Jumbo%5D+%D0%95%D0%B3%D0%BE%D1%80%21+%D0%AF+-+%D0%A4%D0%B0%D0%B2%D0%B0%D0%BD%D0%B5%D0%BA%2C+%D1%82%D0%B2%D0%BE%D0%B9+%D0%BF%D1%80%D0%BE%D0%B2%D0%BE%D0%B4%D0%BD%D0%B8%D0%BA+%D0%B2+%D0%BC%D0%B8%D1%80+%0A%D1%81%D0%B0%D0%BC%D1%8B%D1%85+%D1%81%D0%BC%D0%B5%D1%88%D0%BD%D1%8B%D1%85+%D0%B0%D0%BD%D0%B5%D0%BA%D0%B4%D0%BE%D1%82%D0%BE%D0%B2%21%3C%2Fb%3E%0A%0A%F0%9F%98%82+%3Ci%3E%3Cb%3E%D0%A3+%D0%BC%D0%B5%D0%BD%D1%8F+%D0%B2+%D0%BA%D0%BE%D0%BB%D0%BB%D0%B5%D0%BA%D1%86%D0%B8%D0%B8+%D0%B1%D0%BE%D0%BB%D1%8C%D1%88%D0%BE%D0%B5+%D0%BA%D0%BE%D0%BB%D0%B8%D1%87%D0%B5%D1%81%D1%82%D0%B2%D0%BE+%D1%88%D1%83%D1%82%D0%BE%D0%BA%2C+%D0%BA%D0%B0%D0%BA+%D0%B0%D0%B2%D1%82%D0%BE%D1%80%D1%81%D0%BA%D0%B8%D1%85%2C+%D1%82%D0%B0%D0%BA+%D0%B8+%D1%81%D0%B0%D0%BC%D1%8B%D1%85+%D0%BF%D0%BE%D0%BF%D1%83%D0%BB%D1%8F%D1%80%D0%BD%D1%8B%D1%85+%D0%B8%D0%B7+%D0%98%D0%BD%D1%82%D0%B5%D1%80%D0%BD%D0%B5%D1%82%D0%B0+%3A%29%3C%2Fb%3E%3C%2Fi%3E%0A%0A%3Cb%3E%F0%9F%99%83+%D0%AF+%D0%BF%D0%BE%D0%BC%D0%BE%D0%B3%D1%83+%D1%82%D0%B5%D0%B1%D0%B5%3A%0A-+%D0%98%D1%81%D0%BA%D0%B0%D1%82%D1%8C+%D0%BD%D0%BE%D0%B2%D1%8B%D0%B5+%D0%B0%D0%BD%D0%B5%D0%BA%D0%B4%D0%BE%D1%82%D1%8B%0A-+%D0%A1%D0%BE%D1%85%D1%80%D0%B0%D0%BD%D1%8F%D1%82%D1%8C+%D0%BB%D1%8E%D0%B1%D0%B8%D0%BC%D1%8B%D0%B5+%D0%B0%D0%BD%D0%B5%D0%BA%D0%B4%D0%BE%D1%82%D1%8B+%D0%BA%D0%B0%D0%BA+%D0%B2+%D0%B1%D0%BE%D1%82%D0%B5%2C+%D1%82%D0%B0%D0%BA+%D0%B8+%D0%B2+%D0%B2%D0%B8%D0%B4%D0%B5+%D1%81%D0%B8%D0%BC%D0%BF%D0%B0%D1%82%D0%B8%D1%87%D0%BD%D1%8B%D1%85+%D0%BA%D0%B0%D1%80%D1%82%D0%B8%D0%BD%D0%BE%D0%BA%0A-+%D0%9F%D1%80%D0%B5%D0%B4%D0%BB%D0%B0%D0%B3%D0%B0%D1%82%D1%8C+%D1%81%D0%B2%D0%BE%D0%B8+%D0%B0%D0%BD%D0%B5%D0%BA%D0%B4%D0%BE%D1%82%D1%8B+%D0%B0%D0%B4%D0%BC%D0%B8%D0%BD%D0%B8%D1%81%D1%82%D1%80%D0%B0%D1%86%D0%B8%D0%B8%0A-+%D0%9F%D0%BE%D0%BB%D1%83%D1%87%D0%B0%D1%82%D1%8C+%D1%80%D0%B0%D1%81%D1%81%D1%8B%D0%BB%D0%BA%D1%83+%D1%81+%D0%BD%D0%BE%D0%B2%D1%8B%D0%BC%D0%B8+%D0%B0%D0%BD%D0%B5%D0%BA%D0%B4%D0%BE%D1%82%D0%B0%D0%BC%D0%B8%3C%2Fb%3E%0A%0A%E2%9D%97%3Cb%3E%D0%92%D0%9D%D0%98%D0%9C%D0%90%D0%9D%D0%98%D0%95%21+%D0%9D%D0%B5%D0%BA%D0%BE%D1%82%D0%BE%D1%80%D1%8B%D0%B5+%D0%B0%D0%BD%D0%B5%D0%BA%D0%B4%D0%BE%D1%82%D1%8B+%D0%BC%D0%BE%D0%B3%D1%83%D1%82+%D1%81%D0%BE%D0%B4%D0%B5%D1%80%D0%B6%D0%B0%D1%82%D1%8C+%D0%BD%D0%B5%D1%86%D0%B5%D0%BD%D0%B7%D1%83%D1%80%D0%BD%D1%83%D1%8E+%D0%BB%D0%B5%D0%BA%D1%81%D0%B8%D0%BA%D1%83%2C+%D1%87%D1%91%D1%80%D0%BD%D1%8B%D0%B9+%D1%8E%D0%BC%D0%BE%D1%80%2C+%D0%BD%D0%B5%D0%BF%D1%80%D0%B8%D0%B5%D0%BC%D0%BB%D0%B5%D0%BC%D1%8B%D0%B5+%D1%82%D0%B5%D0%BC%D1%8B.+%0A%D0%9C%D1%8B+%D0%BD%D0%B5+%D0%BD%D0%B5%D1%81%D1%91%D0%BC+%D0%BE%D1%82%D0%B2%D0%B5%D1%82%D1%81%D1%82%D0%B2%D0%B5%D0%BD%D0%BD%D0%BE%D1%81%D1%82%D1%8C%2C+%D0%B5%D1%81%D0%BB%D0%B8+%D0%B0%D0%BD%D0%B5%D0%BA%D0%B4%D0%BE%D1%82+%D0%BA%D0%B0%D0%BA-%D1%82%D0%BE+%D0%B7%D0%B0%D0%B4%D0%B5%D0%BB+%D0%B2%D0%B0%D1%81+%D0%B8%2F%D0%B8%D0%BB%D0%B8+%D0%B3%D1%80%D1%83%D0%BF%D0%BF%D1%83+%D0%BB%D1%8E%D0%B4%D0%B5%D0%B9.%3C%2Fb%3E%0A%0A%F0%9F%9B%A0+%3Cu%3E%3Cb%3E%D0%A2%D0%B5%D1%85%D0%BD%D0%B8%D1%87%D0%B5%D1%81%D0%BA%D0%B8%D0%B5+%D0%B2%D0%BE%D0%BF%D1%80%D0%BE%D1%81%D1%8B+%D0%BA+%40anal_nosorog2009+%D0%B8+%40Youtya_Youtyev%3C%2Fb%3E%3C%2Fu%3E%0A%0A%F0%9F%98%B8+%3Cb%3E%3Ci%3E%D0%98%D1%81%D1%85%D0%BE%D0%B4%D0%BD%D1%8B%D0%B9+%D0%BA%D0%BE%D0%B4%3A+https%3A%2F%2Fgithub.com%2FYoutyaYoutyev%2Ffavanek%3C%2Fi%3E%3C%2Fb%3E&parse_mode=HTML HTTP/1.1" 200 4245
2023-04-13 17:26:31,831 DEBUG urllib3.connectionpool https://api.telegram.org:443 "GET /bot6234331500:AAG2Hcuep4y4N58uuJeXrHnjbpaSyrpXk3c/getUpdates?offset=379040610&timeout=20 HTTP/1.1" 200 23
2023-04-13 17:26:31,922 DEBUG urllib3.connectionpool https://api.telegram.org:443 "GET /bot6234331500:AAG2Hcuep4y4N58uuJeXrHnjbpaSyrpXk3c/getUpdates?offset=379040610&timeout=20 HTTP/1.1" 200 421
2023-04-13 17:26:31,925 INFO root 710029246 @uvarov997 /rand
2023-04-13 17:26:32,113 DEBUG urllib3.connectionpool https://api.telegram.org:443 "POST /bot6234331500:AAG2Hcuep4y4N58uuJeXrHnjbpaSyrpXk3c/sendMessage?chat_id=710029246&text=%D0%92%D0%BE%D1%82+%D1%82%D0%B5%D0%B1%D0%B5+%D0%B0%D0%BD%D0%B5%D0%BA%D0%B4%D0%BE%D1%82+%D0%B8%D0%B7+%D0%BC%D0%BE%D0%B5%D0%B9+%D0%B1%D0%B0%D0%B7%D1%8B+%D0%B4%D0%B0%D0%BD%D0%BD%D1%8B%D1%85. HTTP/1.1" 200 459
2023-04-13 17:26:36,019 DEBUG urllib3.connectionpool https://api.telegram.org:443 "POST /bot6234331500:AAG2Hcuep4y4N58uuJeXrHnjbpaSyrpXk3c/sendPhoto?chat_id=710029246&caption=%3Cb%3E%232%0A+%0A%3C%2Fb%3E%3Ci%3E18-%D0%BB%D0%B5%D1%82%D0%BD%D1%8F%D1%8F+%D0%B4%D0%B5%D0%B2%D1%83%D1%88%D0%BA%D0%B0+%D0%BF%D1%80%D0%BE%D0%B2%D0%B5%D0%BB%D0%B0+%D0%BD%D0%BE%D1%87%D1%8C+%D1%81+40-%D0%BB%D0%B5%D1%82%D0%BD%D0%B8%D0%BC+%D0%BC%D1%83%D0%B6%D0%B8%D0%BA%D0%BE%D0%BC.%0A%D0%9D%D0%B0%D1%83%D1%82%D1%80%D0%BE+%D1%80%D0%B0%D1%81%D1%81%D0%BA%D0%B0%D0%B7%D1%8B%D0%B2%D0%B0%D0%B5%D1%82+%D0%BF%D0%BE%D0%B4%D1%80%D1%83%D0%B6%D0%BA%D0%B0%D0%BC%3A%0A%C2%AB%D0%92%D1%81%D1%91%21+%D0%A1+%D1%80%D0%BE%D0%B2%D0%B5%D1%81%D0%BD%D0%B8%D0%BA%D0%B0%D0%BC%D0%B8+%D0%B1%D0%BE%D0%BB%D1%8C%D1%88%D0%B5+%D0%BD%D0%B8%D0%BA%D0%BE%D0%B3%D0%B4%D0%B0+%E2%80%94+%D0%BF%D1%80%D0%B5%D0%B4%D1%81%D1%82%D0%B0%D0%B2%D0%BB%D1%8F%D0%B5%D1%82%D0%B5%2C+%D1%87%D0%B0%D1%81+%D0%BF%D1%80%D0%B5%D0%BB%D1%8E%D0%B4%D0%B8%D0%B8%2C+%D1%87%D0%B0%D1%81+ce%D0%BAc%D0%B0%2C+%D0%BF%D0%BE%D1%82%D0%BE%D0%BC+%D0%B2%D1%81%D1%8E+%D0%BD%D0%BE%D1%87%D1%8C+%D1%81%D1%82%D0%B8%D1%85%D0%B8+%D1%87%D0%B8%D1%82%D0%B0%D0%BB%21%C2%BB.%0A%D0%90+%D0%BE%D0%BD+%D0%BF%D1%80%D0%B8%D1%8F%D1%82%D0%B5%D0%BB%D1%8F%D0%BC+%3A%0A%E2%80%94+%C2%AB%D0%9D%D1%83%2C+%D0%B2%D1%81%D0%B5+%D0%BA%D0%B0%D0%BA+%D0%BE%D0%B1%D1%8B%D1%87%D0%BD%D0%BE%2C+%D1%87%D0%B0%D1%81+%D0%BD%D0%B5+%D0%B2%D1%81%D1%82%D0%B0%D0%B2%D0%B0%D0%BB%2C+%D1%87%D0%B0%D1%81+%D0%BD%D0%B5+%D0%BC%D0%BE%D0%B3+%D0%BA%D0%BE%D0%BD%D1%87%D0%B8%D1%82%D1%8C%2C+%D0%BF%D0%BE%D1%82%D0%BE%D0%BC+%D0%B1%D0%B5%D1%81%D1%81%D0%BE%D0%BD%D0%BD%D0%B8%D1%86%D0%B0%E2%80%A6%C2%BB%3C%2Fi%3E&parse_mode=HTML HTTP/1.1" 200 2665
2023-04-13 17:26:52,027 DEBUG urllib3.connectionpool https://api.telegram.org:443 "GET /bot6234331500:AAG2Hcuep4y4N58uuJeXrHnjbpaSyrpXk3c/getUpdates?offset=379040611&timeout=20 HTTP/1.1" 200 23
2023-04-13 17:27:12,111 DEBUG urllib3.connectionpool https://api.telegram.org:443 "GET /bot6234331500:AAG2Hcuep4y4N58uuJeXrHnjbpaSyrpXk3c/getUpdates?offset=379040611&timeout=20 HTTP/1.1" 200 23
2023-04-13 17:27:32,615 DEBUG urllib3.connectionpool https://api.telegram.org:443 "GET /bot6234331500:AAG2Hcuep4y4N58uuJeXrHnjbpaSyrpXk3c/getUpdates?offset=379040611&timeout=20 HTTP/1.1" 200 23
2023-04-13 17:27:53,078 DEBUG urllib3.connectionpool https://api.telegram.org:443 "GET /bot6234331500:AAG2Hcuep4y4N58uuJeXrHnjbpaSyrpXk3c/getUpdates?offset=379040611&timeout=20 HTTP/1.1" 200 23
2023-04-13 17:28:13,164 DEBUG urllib3.connectionpool https://api.telegram.org:443 "GET /bot6234331500:AAG2Hcuep4y4N58uuJeXrHnjbpaSyrpXk3c/getUpdates?offset=379040611&timeout=20 HTTP/1.1" 200 23
2023-04-13 17:28:33,252 DEBUG urllib3.connectionpool https://api.telegram.org:443 "GET /bot6234331500:AAG2Hcuep4y4N58uuJeXrHnjbpaSyrpXk3c/getUpdates?offset=379040611&timeout=20 HTTP/1.1" 200 23
2023-04-13 17:28:53,339 DEBUG urllib3.connectionpool https://api.telegram.org:443 "GET /bot6234331500:AAG2Hcuep4y4N58uuJeXrHnjbpaSyrpXk3c/getUpdates?offset=379040611&timeout=20 HTTP/1.1" 200 23
2023-04-13 17:29:13,426 DEBUG urllib3.connectionpool https://api.telegram.org:443 "GET /bot6234331500:AAG2Hcuep4y4N58uuJeXrHnjbpaSyrpXk3c/getUpdates?offset=379040611&timeout=20 HTTP/1.1" 200 23
2023-04-13 17:29:33,513 DEBUG urllib3.connectionpool https://api.telegram.org:443 "GET /bot6234331500:AAG2Hcuep4y4N58uuJeXrHnjbpaSyrpXk3c/getUpdates?offset=379040611&timeout=20 HTTP/1.1" 200 23
2023-04-13 17:29:53,600 DEBUG urllib3.connectionpool https://api.telegram.org:443 "GET /bot6234331500:AAG2Hcuep4y4N58uuJeXrHnjbpaSyrpXk3c/getUpdates?offset=379040611&timeout=20 HTTP/1.1" 200 23
2023-04-13 17:30:15,572 DEBUG urllib3.connectionpool https://api.telegram.org:443 "GET /bot6234331500:AAG2Hcuep4y4N58uuJeXrHnjbpaSyrpXk3c/getUpdates?offset=379040611&timeout=20 HTTP/1.1" 200 23
2023-04-13 17:30:35,664 DEBUG urllib3.connectionpool https://api.telegram.org:443 "GET /bot6234331500:AAG2Hcuep4y4N58uuJeXrHnjbpaSyrpXk3c/getUpdates?offset=379040611&timeout=20 HTTP/1.1" 200 23
2023-04-13 17:30:55,751 DEBUG urllib3.connectionpool https://api.telegram.org:443 "GET /bot6234331500:AAG2Hcuep4y4N58uuJeXrHnjbpaSyrpXk3c/getUpdates?offset=379040611&timeout=20 HTTP/1.1" 200 23
2023-04-13 17:31:15,840 DEBUG urllib3.connectionpool https://api.telegram.org:443 "GET /bot6234331500:AAG2Hcuep4y4N58uuJeXrHnjbpaSyrpXk3c/getUpdates?offset=379040611&timeout=20 HTTP/1.1" 200 23
2023-04-13 17:31:35,928 DEBUG urllib3.connectionpool https://api.telegram.org:443 "GET /bot6234331500:AAG2Hcuep4y4N58uuJeXrHnjbpaSyrpXk3c/getUpdates?offset=379040611&timeout=20 HTTP/1.1" 200 23
2023-04-13 17:31:56,025 DEBUG urllib3.connectionpool https://api.telegram.org:443 "GET /bot6234331500:AAG2Hcuep4y4N58uuJeXrHnjbpaSyrpXk3c/getUpdates?offset=379040611&timeout=20 HTTP/1.1" 200 23
2023-04-13 17:32:16,109 DEBUG urllib3.connectionpool https://api.telegram.org:443 "GET /bot6234331500:AAG2Hcuep4y4N58uuJeXrHnjbpaSyrpXk3c/getUpdates?offset=379040611&timeout=20 HTTP/1.1" 200 23
2023-04-13 17:32:36,197 DEBUG urllib3.connectionpool https://api.telegram.org:443 "GET /bot6234331500:AAG2Hcuep4y4N58uuJeXrHnjbpaSyrpXk3c/getUpdates?offset=379040611&timeout=20 HTTP/1.1" 200 23
2023-04-13 17:32:56,285 DEBUG urllib3.connectionpool https://api.telegram.org:443 "GET /bot6234331500:AAG2Hcuep4y4N58uuJeXrHnjbpaSyrpXk3c/getUpdates?offset=379040611&timeout=20 HTTP/1.1" 200 23
2023-04-13 17:32:56,286 ERROR TeleBot Infinity polling: polling exited
2023-04-13 17:32:56,286 ERROR TeleBot Break infinity polling
2023-04-13 17:32:56,286 INFO root Bot STOPPED
